1
 

 SPECS file
 ----------

      Begin snmain2
         Derivative option                1
         Major iterations               200
         Major Print level           000001
      *                             (JFLXBT)
         Minor print level                1
         Solution                        No
      End snmain2
1
 
 SNSPEC EXIT 100 -- finished successfully
 SNSPEC INFO 101 -- SPECS file read
      Major Iteration limit              50
      Minimize
1
 
 Parameters
 ==========

 Files
 -----
 Solution file..........         0       Old basis file ........         0       Standard input.........         5
 Insert file............         0       New basis file ........         0       (Printer)..............         9
 Punch file.............         0       Backup basis file......         0       (Specs file)...........         4
 Load file..............         0       Dump file..............         0       Standard output........         6

 Frequencies
 -----------
 Print frequency........       100       Check frequency........        60       Save new basis map.....       100
 Summary frequency......       100       Factorization frequency        50       Expand frequency.......     10000

 QP subproblems
 --------------
 QPsolver Cholesky......
 Scale tolerance........     0.900       Minor feasibility tol..  1.00E-06       Iteration limit........     10000
 Scale option...........         0       Minor optimality  tol..  1.00E-06       Minor print level......         1
 Crash tolerance........     0.100       Pivot tolerance........  3.25E-11       Partial price..........         1
 Crash option...........         3       Elastic weight.........  1.00E+04       Prtl price section ( A)        90
                                         New superbasics........        99       Prtl price section (-I)        62

 The SQP Method
 --------------
 Minimize...............                 Cold start.............                 Proximal Point method..         1
 Nonlinear objectiv vars        90       Objective Row..........         1       Function precision.....  3.00E-13
 Unbounded step size....  1.00E+20       Superbasics limit......        90       Difference interval....  5.48E-07
 Unbounded objective....  1.00E+15       Reduced Hessian dim....        90       Central difference int.  6.70E-05
 Major step limit.......  2.00E+00       Nonderiv.  linesearch..                 Derivative option......         0
 Major iterations limit.        50       Linesearch tolerance...   0.90000       Verify level...........         0
 Minor iterations limit.       500       Penalty parameter......  0.00E+00       Major Print Level......         1
                                         Major optimality tol...  2.00E-06

 Hessian Approximation
 ---------------------
 Limited-Memory Hessian.                 Hessian updates........        10       Hessian frequency......  99999999
                                                                                 Hessian flush..........  99999999

 Nonlinear constraints
 ---------------------
 Nonlinear constraints..        61       Major feasibility tol..  1.00E-06       Violation limit........  1.00E+06
 Nonlinear Jacobian vars        90

 Miscellaneous
 -------------
 LU factor tolerance....      3.99       LU singularity tol.....  3.25E-11       Timing level...........         0
 LU update tolerance....      3.99       LU swap tolerance......  1.22E-04       Debug level............         0
 LU partial  pivoting...                 eps (machine precision)  2.22E-16       System information.....        No
                                                                                 Sticky parameters......       Yes
1
 

 

 Matrix statistics
 -----------------
               Total      Normal        Free       Fixed     Bounded
 Rows             62          59           1           2           0
 Columns          90           0           0           0          90

 No. of matrix elements                  270     Density       4.839
 Biggest                          0.0000E+00  (excluding fixed columns,
 Smallest                         0.0000E+00   free rows, and RHS)

 No. of objective coefficients             0

 Nonlinear constraints      61     Linear constraints       1
 Nonlinear variables        90     Linear variables         0
 Jacobian  variables        90     Objective variables     90
 Total constraints          62     Total variables         90
1
 

 
 The user has defined     360   out of     360   first  derivatives

 Cheap test of user-supplied problem derivatives...

 The constraint gradients seem to be OK.

 -->  The largest discrepancy was    4.86E-07  in constraint   130
 

 The objective  gradients seem to be OK.

 Gradient projected in one direction   6.04100613002E-02
 Difference approximation              6.04090181140E-02
1
 
 

   Itns Major Minors    Step   nCon Feasible  Optimal  MeritFunction     L+U BSwap     nS  condHz Penalty
     74     0     74              1  3.3E-01  4.8E-02  3.8454009E+02     204           45 1.9E+02         _  r
    100     1     26 9.7E-02      2  2.8E-01  4.1E-01  1.0325392E+03     189           38 3.7E+02 2.6E+02 _n rl
    123     2     23 1.7E-01      3  2.2E-01  5.9E-01  9.0945941E+02     203           48 7.9E+02 2.7E+02 _s  l
    143     3     20 2.3E-01      4  1.6E-01  7.9E-01  4.9492859E+02     184    30     45 2.4E+03 3.4E+01 _
    155     4     12 2.4E-01      5  1.4E-01  7.6E-01  4.5431502E+02     186    22     44 1.3E+02 3.2E+01 _
    173     5     18 1.2E-01      6  1.3E-01  5.9E-01  4.9249231E+02     187           55 4.0E+02 9.2E+01 _
    190     6     17 1.8E-01      7  1.1E-01  3.9E-01  4.2375636E+02     167    27     45 4.1E+01 6.5E+01 _
    200     7     10 9.6E-02      8  1.1E-01  4.3E-01  4.7236292E+02     190           42 5.1E+02 1.3E+02 _
    209     8      9 4.5E-02      9  1.1E-01  2.0E-01  5.3680354E+02     176    25     42 1.1E+03 2.3E+02 _
    213     9      4 3.1E-02     10  1.0E-01  2.4E-01  7.1448192E+02     176           43 9.0E+01 5.8E+02 _
    226    10     13 3.3E-02     11  1.0E-01  2.0E-01  7.0878881E+02     194           43 1.2E+02 5.5E+02 _
    234    11      8 3.6E-02     12  1.0E-01  1.8E-01  6.9690121E+02     161    21     44 3.1E+02 5.5E+02 _
    241    12      7 4.0E-02     13  1.0E-01  2.1E-01  6.8956853E+02     192           40 2.7E+02 5.5E+02 _  R
    247    13      6 1.8E-02     14  9.9E-02  1.6E-01  1.6932247E+03     172    16     39 6.5E+01 2.9E+03 _s
    252    14      5 2.2E-02     15  9.8E-02  1.8E-01  6.0799760E+03     166           41 1.1E+02 1.3E+04 _
    264    15     12 4.1E-02     16  9.5E-02  2.0E-01  5.8722387E+03     183    15     36 9.5E+01 1.3E+04 _
    272    16      8 5.3E-02     17  9.1E-02  1.7E-01  5.5639675E+03     179    14     41 5.0E+01 1.3E+04 _
    280    17      8 8.9E-02     18  8.3E-02  2.3E-01  4.1363789E+03     172           42 5.2E+01 1.0E+04 _
    284    18      4 6.0E-02     19  7.8E-02  1.9E-01  3.9969525E+03     169    21     41 2.0E+01 1.0E+04 _
    288    19      4 6.5E-02     20  7.6E-02  3.8E-01  3.9039935E+03     172           40 7.2E+01 1.0E+04 _

   Itns Major Minors    Step   nCon Feasible  Optimal  MeritFunction     L+U BSwap     nS  condHz Penalty
    295    20      7 9.0E-02     21  8.3E-02  4.8E-01  3.7669668E+03     202    15     38 4.8E+02 1.0E+04 _
    300    21      5 1.0E-01     22  8.8E-02  2.8E-01  3.6201296E+03     205    13     38 9.8E+01 1.0E+04 _
    306    22      6 8.6E-02     23  8.5E-02  2.4E-01  3.5511610E+03     189           37 2.9E+04 1.1E+04 _
    315    23      9 1.3E-01     24  8.6E-02  3.8E-01  3.4027296E+03     177           43 5.2E+02 1.1E+04 _  R
    323    24      8 1.2E-01     25  8.1E-02  3.9E-01  3.1762583E+03     175           36 4.3E+02 1.1E+04 _s
    330    25      7 4.0E-02     26  7.9E-02  4.0E-01  1.0756780E+04     215    13     36 7.1E+02 6.1E+04 _
    340    26     10 5.2E-02     27  7.7E-02  1.8E-01  1.0444129E+04     180           43 4.8E+03 5.8E+04 _
    351    27     11 6.6E-02     28  7.4E-02  2.5E-01  1.0166067E+04     206           43 1.4E+05 6.1E+04 _
    357    28      6 8.5E-02     29  7.2E-02  3.1E-01  9.9735461E+03     158    29     46 1.9E+02 5.9E+04 _
    370    29     13 4.3E-02     30  7.0E-02  3.7E-01  9.7225640E+03     170           48 7.0E+02 5.9E+04 _
    379    30      9 5.7E-02     31  6.8E-02  2.4E-01  9.2467973E+03     178           50 2.4E+03 5.9E+04 _
    391    31     12 6.2E-02     32  6.6E-02  3.6E-01  8.7773222E+03     172    29     49 3.8E+03 5.9E+04 _
    402    32     11 6.7E-02     33  6.4E-02  3.1E-01  8.3291610E+03     175           47 1.3E+04 5.9E+04 _
    410    33      8 1.2E-01     34  6.4E-02  3.6E-01  8.2430314E+03     170    23     46 3.4E+03 5.9E+04 _
    421    34     11 6.2E-02     35  6.1E-02  3.6E-01  8.5615627E+03     167    21     48 1.1E+03 6.1E+04 _  R
    427    35      6 5.7E-02     36  5.7E-02  2.3E-01  9.9534165E+03     162    19     51 9.6E+01 7.5E+04 _s
    434    36      7 4.5E-02     37  5.5E-02  2.4E-01  2.0636015E+04     154    17     49 2.9E+03 2.1E+05 _
    447    37     13 1.2E-01     38  5.6E-02  2.4E-01  1.8851615E+04     167    15     45 3.6E+03 2.1E+05 _
    455    38      8 6.7E-02     39  5.2E-02  2.4E-01  1.8083501E+04     183    18     46 1.5E+03 2.1E+05 _
    460    39      5 7.7E-02     40  4.8E-02  2.3E-01  1.7329041E+04     178           46 4.0E+03 2.1E+05 _

   Itns Major Minors    Step   nCon Feasible  Optimal  MeritFunction     L+U BSwap     nS  condHz Penalty
    467    40      7 7.4E-02     41  4.7E-02  2.2E-01  1.6859585E+04     186    18     46 9.9E+03 2.1E+05 _
    481    41     14 4.4E-02     42  4.5E-02  2.0E-01  1.7706488E+04     196           45 5.1E+02 2.2E+05 _
    488    42      7 4.4E-02     43  4.4E-02  1.7E-01  1.7381610E+04     189           45 2.6E+02 2.2E+05 _
    492    43      4 2.5E-02     44  4.3E-02  1.9E-01  1.7312111E+04     191           44 1.3E+03 2.2E+05 _
    499    44      7 2.6E-02     45  4.2E-02  1.8E-01  1.7514721E+04     164    19     44 7.8E+01 2.3E+05 _
    503    45      4 1.1E-02     46  4.2E-02  1.8E-01  2.2046138E+04     190           43 3.5E+02 3.2E+05 _  R
    508    46      5 4.1E-03     47  4.2E-02  1.4E-01  1.0107831E+05     167     4     43 1.4E+02 2.0E+06 _s
    511    47      3 5.2E-03     48  4.2E-02  1.1E-01  2.1930332E+05     162     8     43 1.6E+02 4.6E+06 _
    514    48      3 4.0E-03     49  4.1E-02  7.8E-02  2.2407148E+05     195           43 1.5E+02 4.7E+06 _
    517    49      3 4.8E-03     50  4.1E-02  8.1E-02  2.3566939E+05     199           43 1.2E+02 5.0E+06 _
    519    50      2 3.5E-03     51  4.1E-02  7.8E-02  2.3528459E+05     198           44 1.4E+02 5.0E+06 _
1
 
 SNOPTA EXIT  30 -- resource limit error
 SNOPTA INFO  32 -- major iteration limit reached

 Problem name
 No. of iterations                 519   Objective value      3.5916679153E+02
 No. of major iterations            50   Linear objective     0.0000000000E+00
 Penalty parameter           5.013E+06   Nonlinear objective  3.5916679153E+02
 No. of calls to funobj            155   No. of calls to funcon            155
 Calls with modes 1,2 (known g)     51   Calls with modes 1,2 (known g)     51
 Calls for forward differencing      0   Calls for forward differencing      0
 Calls for central differencing      0   Calls for central differencing      0
 No. of superbasics                 44   No. of basic nonlinears            50
 No. of degenerate steps             0   Percentage                       0.00
 Max x                      89 1.5E+00   Max pi                     10 1.7E+05
 Max Primal infeas           0 0.0E+00   Max Dual infeas           141 2.6E+04
 Nonlinear constraint violn    2.0E-01
